[debug] [2020-04-14T19:34:59.568Z] ----------------------------------------------------------------------
[debug] [2020-04-14T19:34:59.571Z] Command:       C:\Program Files\nodejs\node.exe C:\Users\kotan\AppData\Roaming\npm\node_modules\firebase-tools\lib\bin\firebase.js init
[debug] [2020-04-14T19:34:59.572Z] CLI Version:   8.0.3
[debug] [2020-04-14T19:34:59.572Z] Platform:      win32
[debug] [2020-04-14T19:34:59.572Z] Node Version:  v12.16.2
[debug] [2020-04-14T19:34:59.574Z] Time:          Tue Apr 14 2020 15:34:59 GMT-0400 (Eastern Daylight Time)
[debug] [2020-04-14T19:34:59.575Z] ----------------------------------------------------------------------
[debug] [2020-04-14T19:34:59.575Z] 
[debug] [2020-04-14T19:34:59.586Z] > command requires scopes: ["email","openid","https://www.googleapis.com/auth/cloudplatformprojects.readonly","https://www.googleapis.com/auth/firebase","https://www.googleapis.com/auth/cloud-platform"]
[debug] [2020-04-14T19:34:59.586Z] > authorizing via signed-in user
[info] 
     ######## #### ########  ######## ########     ###     ######  ########
     ##        ##  ##     ## ##       ##     ##  ##   ##  ##       ##
     ######    ##  ########  ######   ########  #########  ######  ######
     ##        ##  ##    ##  ##       ##     ## ##     ##       ## ##
     ##       #### ##     ## ######## ########  ##     ##  ######  ########

You're about to initialize a Firebase project in this directory:

  C:\Users\kotan\Documents\GitHub\AngularTicTacToe\TicTacToe

Before we get started, keep in mind:

  * You are initializing in an existing Firebase project directory

